<?xml version="1.0" encoding="UTF-8"?>
<!-- Generated by org.testng.reporters.JUnitXMLReporter -->
<testsuite ignored="4" hostname="DESKTOP-5HS3DSF" failures="0" tests="1" name="Default test" time="48.164" errors="0" timestamp="2026-05-19T17:05:50 IST">
  <testcase classname="com.qa.TestCases.ShoppingCartTest" name="validateGrandTotalTest" time="22.022"/>
  <testcase classname="com.qa.TestCases.ShoppingCartTest" name="validateCartHeadersTest" time="0.0">
    <ignored/>
  </testcase> <!-- validateCartHeadersTest -->
  <testcase classname="com.qa.TestCases.ShoppingCartTest" name="validateProductDetailsTest" time="0.0">
    <ignored/>
  </testcase> <!-- validateProductDetailsTest -->
  <testcase classname="com.qa.TestCases.ShoppingCartTest" name="validateAllProductPriceTotal" time="0.0">
    <ignored/>
  </testcase> <!-- validateAllProductPriceTotal -->
  <testcase classname="com.qa.TestCases.ShoppingCartTest" name="validatePageTitle" time="0.0">
    <ignored/>
  </testcase> <!-- validatePageTitle -->
</testsuite> <!-- Default test -->
