<?xml version="1.0" encoding="UTF-8"?>
<!-- Generated by org.testng.reporters.JUnitXMLReporter -->
<testsuite ignored="1" hostname="DESKTOP-5HS3DSF" failures="0" tests="1" name="Default test" time="28.432" errors="0" timestamp="2026-05-20T17:11:13 IST">
  <testcase classname="com.qa.TestCases.CheckoutAddressTest" name="validateAddressBookEntriesTest" time="22.004"/>
  <testcase classname="com.qa.TestCases.CheckoutAddressTest" name="validateCheckoutAddressPageTitleTest" time="0.0">
    <ignored/>
  </testcase> <!-- validateCheckoutAddressPageTitleTest -->
</testsuite> <!-- Default test -->
