<?xml version="1.0" encoding="UTF-8"?>
<!-- Generated by org.testng.reporters.JUnitXMLReporter -->
<testsuite ignored="0" hostname="DESKTOP-5HS3DSF" failures="3" tests="15" name="ChromeTest" time="260.935" errors="0" timestamp="2026-05-18T15:11:20 IST">
  <testcase classname="com.qa.TestCases.HomeTest" name="validateBrandsLinksTest" time="45.904"/>
  <testcase classname="com.qa.TestCases.HomeTest" name="validateContactUsSectionTest" time="5.582"/>
  <testcase classname="com.qa.TestCases.HomeTest" name="validateCurrencyDropValuesTest" time="3.866"/>
  <testcase classname="com.qa.TestCases.HomeTest" name="validateFeatureProductSectionTest" time="7.87">
    <failure type="java.lang.AssertionError" message="expected [false] but found [true]">
      <![CDATA[java.lang.AssertionError: expected [false] but found [true]
at com.qa.TestCases.HomeTest.validateFeatureProductSectionTest(HomeTest.java:155)
at java.base/java.util.ArrayList.forEach(ArrayList.java:1511)
... Removed 31 stack frames]]>
    </failure>
  </testcase> <!-- validateFeatureProductSectionTest -->
  <testcase classname="com.qa.TestCases.HomeTest" name="validateFooterSectionItems" time="7.947"/>
  <testcase classname="com.qa.TestCases.HomeTest" name="validateHeaderMenuTest" time="3.558"/>
  <testcase classname="com.qa.TestCases.HomeTest" name="validateLogoTest" time="3.43"/>
  <testcase classname="com.qa.TestCases.HomeTest" name="validateMenuListTest" time="23.72">
    <failure type="org.openqa.selenium.TimeoutException" message="Expected condition failed: waiting for visibility of all [] (tried for 20 second(s) with 500 milliseconds interval)
Build info: version: &amp;apos;4.18.1&amp;apos;, revision: &amp;apos;b1d3319b48&amp;apos;
System info: os.name: &amp;apos;Windows 10&amp;apos;, os.arch: &amp;apos;amd64&amp;apos;, os.version: &amp;apos;10.0&amp;apos;, java.version: &amp;apos;17.0.12&amp;apos;
Driver info: org.openqa.selenium.chrome.ChromeDriver
Capabilities {acceptInsecureCerts: false, browserName: chrome, browserVersion: 148.0.7778.168, chrome: {chromedriverVersion: 148.0.7778.167 (65db666ac2c..., userDataDir: C:\Users\dell\AppData\Local...}, fedcm:accounts: true, goog:chromeOptions: {debuggerAddress: localhost:63819}, goog:processID: 3444, networkConnectionEnabled: false, pageLoadStrategy: normal, platformName: windows, proxy: Proxy(), se:cdp: ws://localhost:63819/devtoo..., se:cdpVersion: 148.0.7778.168, setWindowRect: true, strictFileInteractability: false, timeouts: {implicit: 0, pageLoad: 300000, script: 30000}, unhandledPromptBehavior: dismiss and notify, webauthn:extension:credBlob: true, webauthn:extension:largeBlob: true, webauthn:extension:minPinLength: true, webauthn:extension:prf: true, webauthn:virtualAuthenticators: true}
Session ID: d8cce40b0f7edae9f45483e1ee91c009">
      <![CDATA[org.openqa.selenium.TimeoutException: Expected condition failed: waiting for visibility of all [] (tried for 20 second(s) with 500 milliseconds interval)
Build info: version: '4.18.1', revision: 'b1d3319b48'
System info: os.name: 'Windows 10', os.arch: 'amd64', os.version: '10.0', java.version: '17.0.12'
Driver info: org.openqa.selenium.chrome.ChromeDriver
Capabilities {acceptInsecureCerts: false, browserName: chrome, browserVersion: 148.0.7778.168, chrome: {chromedriverVersion: 148.0.7778.167 (65db666ac2c..., userDataDir: C:\Users\dell\AppData\Local...}, fedcm:accounts: true, goog:chromeOptions: {debuggerAddress: localhost:63819}, goog:processID: 3444, networkConnectionEnabled: false, pageLoadStrategy: normal, platformName: windows, proxy: Proxy(), se:cdp: ws://localhost:63819/devtoo..., se:cdpVersion: 148.0.7778.168, setWindowRect: true, strictFileInteractability: false, timeouts: {implicit: 0, pageLoad: 300000, script: 30000}, unhandledPromptBehavior: dismiss and notify, webauthn:extension:credBlob: true, webauthn:extension:largeBlob: true, webauthn:extension:minPinLength: true, webauthn:extension:prf: true, webauthn:virtualAuthenticators: true}
Session ID: d8cce40b0f7edae9f45483e1ee91c009
at org.openqa.selenium.support.ui.WebDriverWait.timeoutException(WebDriverWait.java:84)
at org.openqa.selenium.support.ui.FluentWait.until(FluentWait.java:228)
at com.qa.pages.HomePage.validateWelcomeMenuList(HomePage.java:122)
at com.qa.TestCases.HomeTest.validateMenuListTest(HomeTest.java:86)
at java.base/java.util.ArrayList.forEach(ArrayList.java:1511)
... Removed 27 stack frames]]>
    </failure>
  </testcase> <!-- validateMenuListTest -->
  <testcase classname="com.qa.TestCases.HomeTest" name="validateSearchBarCatTest" time="5.065"/>
  <testcase classname="com.qa.TestCases.HomeTest" name="validateSocialMediaIconsTest" time="14.085"/>
  <testcase classname="com.qa.TestCases.HomeTest" name="validatefooterLinksTest" time="16.982">
    <failure type="java.lang.IndexOutOfBoundsException" message="Index 4 out of bounds for length 4">
      <![CDATA[java.lang.IndexOutOfBoundsException: Index 4 out of bounds for length 4
at java.base/jdk.internal.util.Preconditions.outOfBounds(Preconditions.java:64)
at java.base/jdk.internal.util.Preconditions.outOfBoundsCheckIndex(Preconditions.java:70)
at java.base/jdk.internal.util.Preconditions.checkIndex(Preconditions.java:266)
at java.base/java.util.Objects.checkIndex(Objects.java:359)
at java.base/java.util.ArrayList.get(ArrayList.java:427)
at com.qa.pages.HomePage.validateFooterLinks(HomePage.java:321)
at com.qa.TestCases.HomeTest.validatefooterLinksTest(HomeTest.java:196)
at java.base/java.util.ArrayList.forEach(ArrayList.java:1511)
... Removed 27 stack frames]]>
    </failure>
  </testcase> <!-- validatefooterLinksTest -->
  <testcase classname="com.qa.TestCases.AccountTest" name="validateAccountDetailsTest" time="5.294"/>
  <testcase classname="com.qa.TestCases.AccountTest" name="validateAccountFieldValues" time="4.913"/>
  <testcase classname="com.qa.TestCases.AccountTest" name="validateAccountNameTest" time="3.511"/>
  <testcase classname="com.qa.TestCases.AccountTest" name="validateTitleTest" time="4.154"/>
</testsuite> <!-- ChromeTest -->
