<?xml version="1.0" encoding="UTF-8"?>
<!-- Generated by org.testng.reporters.JUnitXMLReporter -->
<testsuite ignored="8" hostname="DESKTOP-5HS3DSF" failures="1" tests="3" name="ChromeTest" time="64.578" errors="0" timestamp="2026-05-16T17:26:28 IST">
  <testcase classname="com.qa.TestCases.HomeTest" name="validateHeaderMenuTest" time="4.029"/>
  <testcase classname="com.qa.TestCases.HomeTest" name="validateLogoTest" time="4.66"/>
  <testcase classname="com.qa.TestCases.HomeTest" name="validateMenuListTest" time="25.077">
    <failure type="org.openqa.selenium.TimeoutException" message="Expected condition failed: waiting for visibility of all [[[ChromeDriver: chrome on windows (cf4de6cd04b406abfe25a60345ea6da3)] -&amp;gt; xpath: //div[@class=&amp;apos;block_2&amp;apos;]//li[@class=&amp;apos;dropdown&amp;apos;]//a], [[ChromeDriver: chrome on windows (cf4de6cd04b406abfe25a60345ea6da3)] -&amp;gt; xpath: //div[@class=&amp;apos;block_2&amp;apos;]//li[@class=&amp;apos;dropdown&amp;apos;]//a], [[ChromeDriver: chrome on windows (cf4de6cd04b406abfe25a60345ea6da3)] -&amp;gt; xpath: //div[@class=&amp;apos;block_2&amp;apos;]//li[@class=&amp;apos;dropdown&amp;apos;]//a], [[ChromeDriver: chrome on windows (cf4de6cd04b406abfe25a60345ea6da3)] -&amp;gt; xpath: //div[@class=&amp;apos;block_2&amp;apos;]//li[@class=&amp;apos;dropdown&amp;apos;]//a], [[ChromeDriver: chrome on windows (cf4de6cd04b406abfe25a60345ea6da3)] -&amp;gt; xpath: //div[@class=&amp;apos;block_2&amp;apos;]//li[@class=&amp;apos;dropdown&amp;apos;]//a], [[ChromeDriver: chrome on windows (cf4de6cd04b406abfe25a60345ea6da3)] -&amp;gt; xpath: //div[@class=&amp;apos;block_2&amp;apos;]//li[@class=&amp;apos;dropdown&amp;apos;]//a], [[ChromeDriver: chrome on windows (cf4de6cd04b406abfe25a60345ea6da3)] -&amp;gt; xpath: //div[@class=&amp;apos;block_2&amp;apos;]//li[@class=&amp;apos;dropdown&amp;apos;]//a], [[ChromeDriver: chrome on windows (cf4de6cd04b406abfe25a60345ea6da3)] -&amp;gt; xpath: //div[@class=&amp;apos;block_2&amp;apos;]//li[@class=&amp;apos;dropdown&amp;apos;]//a], [[ChromeDriver: chrome on windows (cf4de6cd04b406abfe25a60345ea6da3)] -&amp;gt; xpath: //div[@class=&amp;apos;block_2&amp;apos;]//li[@class=&amp;apos;dropdown&amp;apos;]//a], [[ChromeDriver: chrome on windows (cf4de6cd04b406abfe25a60345ea6da3)] -&amp;gt; xpath: //div[@class=&amp;apos;block_2&amp;apos;]//li[@class=&amp;apos;dropdown&amp;apos;]//a], [[ChromeDriver: chrome on windows (cf4de6cd04b406abfe25a60345ea6da3)] -&amp;gt; xpath: //div[@class=&amp;apos;block_2&amp;apos;]//li[@class=&amp;apos;dropdown&amp;apos;]//a]] (tried for 20 second(s) with 500 milliseconds interval)
Build info: version: &amp;apos;4.18.1&amp;apos;, revision: &amp;apos;b1d3319b48&amp;apos;
System info: os.name: &amp;apos;Windows 10&amp;apos;, os.arch: &amp;apos;amd64&amp;apos;, os.version: &amp;apos;10.0&amp;apos;, java.version: &amp;apos;17.0.12&amp;apos;
Driver info: org.openqa.selenium.chrome.ChromeDriver
Capabilities {acceptInsecureCerts: false, browserName: chrome, browserVersion: 148.0.7778.168, chrome: {chromedriverVersion: 148.0.7778.167 (65db666ac2c..., userDataDir: C:\Users\dell\AppData\Local...}, fedcm:accounts: true, goog:chromeOptions: {debuggerAddress: localhost:63948}, goog:processID: 25908, networkConnectionEnabled: false, pageLoadStrategy: normal, platformName: windows, proxy: Proxy(), se:cdp: ws://localhost:63948/devtoo..., se:cdpVersion: 148.0.7778.168, setWindowRect: true, strictFileInteractability: false, timeouts: {implicit: 0, pageLoad: 300000, script: 30000}, unhandledPromptBehavior: dismiss and notify, webauthn:extension:credBlob: true, webauthn:extension:largeBlob: true, webauthn:extension:minPinLength: true, webauthn:extension:prf: true, webauthn:virtualAuthenticators: true}
Session ID: cf4de6cd04b406abfe25a60345ea6da3">
      <![CDATA[org.openqa.selenium.TimeoutException: Expected condition failed: waiting for visibility of all [[[ChromeDriver: chrome on windows (cf4de6cd04b406abfe25a60345ea6da3)] -> xpath: //div[@class='block_2']//li[@class='dropdown']//a], [[ChromeDriver: chrome on windows (cf4de6cd04b406abfe25a60345ea6da3)] -> xpath: //div[@class='block_2']//li[@class='dropdown']//a], [[ChromeDriver: chrome on windows (cf4de6cd04b406abfe25a60345ea6da3)] -> xpath: //div[@class='block_2']//li[@class='dropdown']//a], [[ChromeDriver: chrome on windows (cf4de6cd04b406abfe25a60345ea6da3)] -> xpath: //div[@class='block_2']//li[@class='dropdown']//a], [[ChromeDriver: chrome on windows (cf4de6cd04b406abfe25a60345ea6da3)] -> xpath: //div[@class='block_2']//li[@class='dropdown']//a], [[ChromeDriver: chrome on windows (cf4de6cd04b406abfe25a60345ea6da3)] -> xpath: //div[@class='block_2']//li[@class='dropdown']//a], [[ChromeDriver: chrome on windows (cf4de6cd04b406abfe25a60345ea6da3)] -> xpath: //div[@class='block_2']//li[@class='dropdown']//a], [[ChromeDriver: chrome on windows (cf4de6cd04b406abfe25a60345ea6da3)] -> xpath: //div[@class='block_2']//li[@class='dropdown']//a], [[ChromeDriver: chrome on windows (cf4de6cd04b406abfe25a60345ea6da3)] -> xpath: //div[@class='block_2']//li[@class='dropdown']//a], [[ChromeDriver: chrome on windows (cf4de6cd04b406abfe25a60345ea6da3)] -> xpath: //div[@class='block_2']//li[@class='dropdown']//a], [[ChromeDriver: chrome on windows (cf4de6cd04b406abfe25a60345ea6da3)] -> xpath: //div[@class='block_2']//li[@class='dropdown']//a]] (tried for 20 second(s) with 500 milliseconds interval)
Build info: version: '4.18.1', revision: 'b1d3319b48'
System info: os.name: 'Windows 10', os.arch: 'amd64', os.version: '10.0', java.version: '17.0.12'
Driver info: org.openqa.selenium.chrome.ChromeDriver
Capabilities {acceptInsecureCerts: false, browserName: chrome, browserVersion: 148.0.7778.168, chrome: {chromedriverVersion: 148.0.7778.167 (65db666ac2c..., userDataDir: C:\Users\dell\AppData\Local...}, fedcm:accounts: true, goog:chromeOptions: {debuggerAddress: localhost:63948}, goog:processID: 25908, networkConnectionEnabled: false, pageLoadStrategy: normal, platformName: windows, proxy: Proxy(), se:cdp: ws://localhost:63948/devtoo..., se:cdpVersion: 148.0.7778.168, setWindowRect: true, strictFileInteractability: false, timeouts: {implicit: 0, pageLoad: 300000, script: 30000}, unhandledPromptBehavior: dismiss and notify, webauthn:extension:credBlob: true, webauthn:extension:largeBlob: true, webauthn:extension:minPinLength: true, webauthn:extension:prf: true, webauthn:virtualAuthenticators: true}
Session ID: cf4de6cd04b406abfe25a60345ea6da3
at org.openqa.selenium.support.ui.WebDriverWait.timeoutException(WebDriverWait.java:84)
at org.openqa.selenium.support.ui.FluentWait.until(FluentWait.java:228)
at com.qa.pages.HomePage.validateWelcomeMenuList(HomePage.java:122)
at com.qa.TestCases.HomeTest.validateMenuListTest(HomeTest.java:86)
at java.base/java.util.ArrayList.forEach(ArrayList.java:1511)
... Removed 27 stack frames]]>
    </failure>
  </testcase> <!-- validateMenuListTest -->
  <testcase classname="com.qa.TestCases.HomeTest" name="validateContactUsSectionTest" time="0.0">
    <ignored/>
  </testcase> <!-- validateContactUsSectionTest -->
  <testcase classname="com.qa.TestCases.HomeTest" name="validateCurrencyDropValuesTest" time="0.0">
    <ignored/>
  </testcase> <!-- validateCurrencyDropValuesTest -->
  <testcase classname="com.qa.TestCases.HomeTest" name="validateFooterSectionItems" time="0.0">
    <ignored/>
  </testcase> <!-- validateFooterSectionItems -->
  <testcase classname="com.qa.TestCases.HomeTest" name="validatefooterLinksTest" time="0.0">
    <ignored/>
  </testcase> <!-- validatefooterLinksTest -->
  <testcase classname="com.qa.TestCases.HomeTest" name="validateSocialMediaIconsTest" time="0.0">
    <ignored/>
  </testcase> <!-- validateSocialMediaIconsTest -->
  <testcase classname="com.qa.TestCases.HomeTest" name="validateSearchBarCatTest" time="0.0">
    <ignored/>
  </testcase> <!-- validateSearchBarCatTest -->
  <testcase classname="com.qa.TestCases.HomeTest" name="validateBrandsLinksTest" time="0.0">
    <ignored/>
  </testcase> <!-- validateBrandsLinksTest -->
  <testcase classname="com.qa.TestCases.HomeTest" name="validateFeatureProductSectionTest" time="0.0">
    <ignored/>
  </testcase> <!-- validateFeatureProductSectionTest -->
</testsuite> <!-- ChromeTest -->
