<?xml version="1.0" encoding="UTF-8"?>
<testng-results ignored="0" total="15" passed="12" failed="3" skipped="0">
  <reporter-output>
  </reporter-output>
  <suite started-at="2026-05-18T15:06:59 IST" name="Parallel Browser Suite" finished-at="2026-05-18T15:11:20 IST" duration-ms="260935">
    <groups>
      <group name="smoke">
        <method signature="HomeTest.validateHeaderMenuTest()[pri:0, instance:com.qa.TestCases.HomeTest@74e52ef6]" name="validateHeaderMenuTest" class="com.qa.TestCases.HomeTest"/>
        <method signature="HomeTest.validateLogoTest()[pri:0, instance:com.qa.TestCases.HomeTest@74e52ef6]" name="validateLogoTest" class="com.qa.TestCases.HomeTest"/>
        <method signature="HomeTest.validateMenuListTest()[pri:0, instance:com.qa.TestCases.HomeTest@74e52ef6]" name="validateMenuListTest" class="com.qa.TestCases.HomeTest"/>
      </group> <!-- smoke -->
    </groups>
    <test started-at="2026-05-18T15:06:59 IST" name="ChromeTest" finished-at="2026-05-18T15:11:20 IST" duration-ms="260935">
      <class name="com.qa.TestCases.AccountTest">
        <test-method is-config="true" signature="initialization(java.lang.String)[pri:0, instance:com.qa.TestCases.AccountTest@7bedc48a]" started-at="2026-05-18T15:10:23 IST" name="initialization" finished-at="2026-05-18T15:10:29 IST" duration-ms="5607" status="PASS">
          <params>
            <param index="0">
              <value>
                <![CDATA[chrome]]>
              </value>
            </param>
          </params>
          <reporter-output>
          </reporter-output>
        </test-method> <!-- initialization -->
        <test-method signature="validateAccountDetailsTest()[pri:0, instance:com.qa.TestCases.AccountTest@7bedc48a]" started-at="2026-05-18T15:10:29 IST" name="validateAccountDetailsTest" finished-at="2026-05-18T15:10:34 IST" duration-ms="5294" status="PASS">
          <reporter-output>
          </reporter-output>
        </test-method> <!-- validateAccountDetailsTest -->
        <test-method is-config="true" signature="tearDown()[pri:0, instance:com.qa.TestCases.AccountTest@7bedc48a]" started-at="2026-05-18T15:10:34 IST" name="tearDown" finished-at="2026-05-18T15:10:34 IST" duration-ms="274" status="PASS">
          <reporter-output>
          </reporter-output>
        </test-method> <!-- tearDown -->
        <test-method is-config="true" signature="initialization(java.lang.String)[pri:0, instance:com.qa.TestCases.AccountTest@7bedc48a]" started-at="2026-05-18T15:10:34 IST" name="initialization" finished-at="2026-05-18T15:10:39 IST" duration-ms="5145" status="PASS">
          <params>
            <param index="0">
              <value>
                <![CDATA[chrome]]>
              </value>
            </param>
          </params>
          <reporter-output>
          </reporter-output>
        </test-method> <!-- initialization -->
        <test-method signature="validateAccountFieldValues()[pri:0, instance:com.qa.TestCases.AccountTest@7bedc48a]" started-at="2026-05-18T15:10:39 IST" name="validateAccountFieldValues" finished-at="2026-05-18T15:10:44 IST" duration-ms="4913" status="PASS">
          <reporter-output>
          </reporter-output>
        </test-method> <!-- validateAccountFieldValues -->
        <test-method is-config="true" signature="tearDown()[pri:0, instance:com.qa.TestCases.AccountTest@7bedc48a]" started-at="2026-05-18T15:10:44 IST" name="tearDown" finished-at="2026-05-18T15:10:45 IST" duration-ms="217" status="PASS">
          <reporter-output>
          </reporter-output>
        </test-method> <!-- tearDown -->
        <test-method is-config="true" signature="initialization(java.lang.String)[pri:0, instance:com.qa.TestCases.AccountTest@7bedc48a]" started-at="2026-05-18T15:10:45 IST" name="initialization" finished-at="2026-05-18T15:10:49 IST" duration-ms="4719" status="PASS">
          <params>
            <param index="0">
              <value>
                <![CDATA[chrome]]>
              </value>
            </param>
          </params>
          <reporter-output>
          </reporter-output>
        </test-method> <!-- initialization -->
        <test-method signature="validateAccountNameTest()[pri:0, instance:com.qa.TestCases.AccountTest@7bedc48a]" started-at="2026-05-18T15:10:49 IST" name="validateAccountNameTest" finished-at="2026-05-18T15:10:53 IST" duration-ms="3511" status="PASS">
          <reporter-output>
          </reporter-output>
        </test-method> <!-- validateAccountNameTest -->
        <test-method is-config="true" signature="tearDown()[pri:0, instance:com.qa.TestCases.AccountTest@7bedc48a]" started-at="2026-05-18T15:10:53 IST" name="tearDown" finished-at="2026-05-18T15:10:53 IST" duration-ms="264" status="PASS">
          <reporter-output>
          </reporter-output>
        </test-method> <!-- tearDown -->
        <test-method is-config="true" signature="initialization(java.lang.String)[pri:0, instance:com.qa.TestCases.AccountTest@7bedc48a]" started-at="2026-05-18T15:10:53 IST" name="initialization" finished-at="2026-05-18T15:11:15 IST" duration-ms="22248" status="PASS">
          <params>
            <param index="0">
              <value>
                <![CDATA[chrome]]>
              </value>
            </param>
          </params>
          <reporter-output>
          </reporter-output>
        </test-method> <!-- initialization -->
        <test-method signature="validateTitleTest()[pri:0, instance:com.qa.TestCases.AccountTest@7bedc48a]" started-at="2026-05-18T15:11:15 IST" name="validateTitleTest" finished-at="2026-05-18T15:11:19 IST" duration-ms="4154" status="PASS">
          <reporter-output>
          </reporter-output>
        </test-method> <!-- validateTitleTest -->
        <test-method is-config="true" signature="tearDown()[pri:0, instance:com.qa.TestCases.AccountTest@7bedc48a]" started-at="2026-05-18T15:11:19 IST" name="tearDown" finished-at="2026-05-18T15:11:20 IST" duration-ms="277" status="PASS">
          <reporter-output>
          </reporter-output>
        </test-method> <!-- tearDown -->
      </class> <!-- com.qa.TestCases.AccountTest -->
      <class name="com.qa.TestCases.HomeTest">
        <test-method is-config="true" signature="initialization(java.lang.String)[pri:0, instance:com.qa.TestCases.HomeTest@74e52ef6]" started-at="2026-05-18T15:06:59 IST" name="initialization" finished-at="2026-05-18T15:07:08 IST" duration-ms="9289" status="PASS">
          <params>
            <param index="0">
              <value>
                <![CDATA[chrome]]>
              </value>
            </param>
          </params>
          <reporter-output>
          </reporter-output>
        </test-method> <!-- initialization -->
        <test-method signature="validateBrandsLinksTest()[pri:0, instance:com.qa.TestCases.HomeTest@74e52ef6]" started-at="2026-05-18T15:07:08 IST" name="validateBrandsLinksTest" finished-at="2026-05-18T15:07:54 IST" duration-ms="45904" status="PASS">
          <reporter-output>
          </reporter-output>
        </test-method> <!-- validateBrandsLinksTest -->
        <test-method is-config="true" signature="tearDown()[pri:0, instance:com.qa.TestCases.HomeTest@74e52ef6]" started-at="2026-05-18T15:07:54 IST" name="tearDown" finished-at="2026-05-18T15:07:55 IST" duration-ms="439" status="PASS">
          <reporter-output>
          </reporter-output>
        </test-method> <!-- tearDown -->
        <test-method is-config="true" signature="initialization(java.lang.String)[pri:0, instance:com.qa.TestCases.HomeTest@74e52ef6]" started-at="2026-05-18T15:07:55 IST" name="initialization" finished-at="2026-05-18T15:08:00 IST" duration-ms="5563" status="PASS">
          <params>
            <param index="0">
              <value>
                <![CDATA[chrome]]>
              </value>
            </param>
          </params>
          <reporter-output>
          </reporter-output>
        </test-method> <!-- initialization -->
        <test-method signature="validateContactUsSectionTest()[pri:0, instance:com.qa.TestCases.HomeTest@74e52ef6]" started-at="2026-05-18T15:08:00 IST" name="validateContactUsSectionTest" finished-at="2026-05-18T15:08:06 IST" duration-ms="5582" status="PASS">
          <reporter-output>
          </reporter-output>
        </test-method> <!-- validateContactUsSectionTest -->
        <test-method is-config="true" signature="tearDown()[pri:0, instance:com.qa.TestCases.HomeTest@74e52ef6]" started-at="2026-05-18T15:08:06 IST" name="tearDown" finished-at="2026-05-18T15:08:06 IST" duration-ms="317" status="PASS">
          <reporter-output>
          </reporter-output>
        </test-method> <!-- tearDown -->
        <test-method is-config="true" signature="initialization(java.lang.String)[pri:0, instance:com.qa.TestCases.HomeTest@74e52ef6]" started-at="2026-05-18T15:08:06 IST" name="initialization" finished-at="2026-05-18T15:08:12 IST" duration-ms="5620" status="PASS">
          <params>
            <param index="0">
              <value>
                <![CDATA[chrome]]>
              </value>
            </param>
          </params>
          <reporter-output>
          </reporter-output>
        </test-method> <!-- initialization -->
        <test-method signature="validateCurrencyDropValuesTest()[pri:0, instance:com.qa.TestCases.HomeTest@74e52ef6]" started-at="2026-05-18T15:08:12 IST" name="validateCurrencyDropValuesTest" finished-at="2026-05-18T15:08:15 IST" duration-ms="3866" status="PASS">
          <reporter-output>
          </reporter-output>
        </test-method> <!-- validateCurrencyDropValuesTest -->
        <test-method is-config="true" signature="tearDown()[pri:0, instance:com.qa.TestCases.HomeTest@74e52ef6]" started-at="2026-05-18T15:08:15 IST" name="tearDown" finished-at="2026-05-18T15:08:16 IST" duration-ms="241" status="PASS">
          <reporter-output>
          </reporter-output>
        </test-method> <!-- tearDown -->
        <test-method is-config="true" signature="initialization(java.lang.String)[pri:0, instance:com.qa.TestCases.HomeTest@74e52ef6]" started-at="2026-05-18T15:08:16 IST" name="initialization" finished-at="2026-05-18T15:08:18 IST" duration-ms="2539" status="PASS">
          <params>
            <param index="0">
              <value>
                <![CDATA[chrome]]>
              </value>
            </param>
          </params>
          <reporter-output>
          </reporter-output>
        </test-method> <!-- initialization -->
        <test-method signature="validateFeatureProductSectionTest()[pri:0, instance:com.qa.TestCases.HomeTest@74e52ef6]" started-at="2026-05-18T15:08:18 IST" name="validateFeatureProductSectionTest" finished-at="2026-05-18T15:08:26 IST" duration-ms="7870" status="FAIL">
          <exception class="java.lang.AssertionError">
            <message>
              <![CDATA[expected [false] but found [true]]]>
            </message>
            <full-stacktrace>
              <![CDATA[java.lang.AssertionError: expected [false] but found [true]
at org.testng.Assert.fail(Assert.java:111)
at org.testng.Assert.failNotEquals(Assert.java:1590)
at org.testng.Assert.assertFalse(Assert.java:79)
at org.testng.Assert.assertFalse(Assert.java:89)
at com.qa.TestCases.HomeTest.validateFeatureProductSectionTest(HomeTest.java:155)
at java.base/jdk.internal.reflect.NativeMethodAccessorImpl.invoke0(Native Method)
at java.base/jdk.internal.reflect.NativeMethodAccessorImpl.invoke(NativeMethodAccessorImpl.java:77)
at java.base/jdk.internal.reflect.DelegatingMethodAccessorImpl.invoke(DelegatingMethodAccessorImpl.java:43)
at java.base/java.lang.reflect.Method.invoke(Method.java:568)
at org.testng.internal.invokers.MethodInvocationHelper.invokeMethod(MethodInvocationHelper.java:141)
at org.testng.internal.invokers.TestInvoker.invokeMethod(TestInvoker.java:687)
at org.testng.internal.invokers.TestInvoker.invokeTestMethod(TestInvoker.java:230)
at org.testng.internal.invokers.MethodRunner.runInSequence(MethodRunner.java:63)
at org.testng.internal.invokers.TestInvoker$MethodInvocationAgent.invoke(TestInvoker.java:995)
at org.testng.internal.invokers.TestInvoker.invokeTestMethods(TestInvoker.java:203)
at org.testng.internal.invokers.TestMethodWorker.invokeTestMethods(TestMethodWorker.java:154)
at org.testng.internal.invokers.TestMethodWorker.run(TestMethodWorker.java:134)
at java.base/java.util.ArrayList.forEach(ArrayList.java:1511)
at org.testng.TestRunner.privateRun(TestRunner.java:741)
at org.testng.TestRunner.run(TestRunner.java:616)
at org.testng.SuiteRunner.runTest(SuiteRunner.java:421)
at org.testng.SuiteRunner.runSequentially(SuiteRunner.java:413)
at org.testng.SuiteRunner.privateRun(SuiteRunner.java:373)
at org.testng.SuiteRunner.run(SuiteRunner.java:312)
at org.testng.SuiteRunnerWorker.runSuite(SuiteRunnerWorker.java:52)
at org.testng.SuiteRunnerWorker.run(SuiteRunnerWorker.java:95)
at org.testng.TestNG.runSuitesSequentially(TestNG.java:1274)
at org.testng.TestNG.runSuitesLocally(TestNG.java:1208)
at org.testng.TestNG.runSuites(TestNG.java:1112)
at org.testng.TestNG.run(TestNG.java:1079)
at org.testng.remote.AbstractRemoteTestNG.run(AbstractRemoteTestNG.java:115)
at org.testng.remote.RemoteTestNG.initAndRun(RemoteTestNG.java:293)
at org.testng.remote.RemoteTestNG.main(RemoteTestNG.java:91)
]]>
            </full-stacktrace>
          </exception> <!-- java.lang.AssertionError -->
          <reporter-output>
          </reporter-output>
        </test-method> <!-- validateFeatureProductSectionTest -->
        <test-method is-config="true" signature="tearDown()[pri:0, instance:com.qa.TestCases.HomeTest@74e52ef6]" started-at="2026-05-18T15:08:26 IST" name="tearDown" finished-at="2026-05-18T15:08:27 IST" duration-ms="271" status="PASS">
          <reporter-output>
          </reporter-output>
        </test-method> <!-- tearDown -->
        <test-method is-config="true" signature="initialization(java.lang.String)[pri:0, instance:com.qa.TestCases.HomeTest@74e52ef6]" started-at="2026-05-18T15:08:27 IST" name="initialization" finished-at="2026-05-18T15:08:31 IST" duration-ms="4792" status="PASS">
          <params>
            <param index="0">
              <value>
                <![CDATA[chrome]]>
              </value>
            </param>
          </params>
          <reporter-output>
          </reporter-output>
        </test-method> <!-- initialization -->
        <test-method signature="validateFooterSectionItems()[pri:0, instance:com.qa.TestCases.HomeTest@74e52ef6]" started-at="2026-05-18T15:08:31 IST" name="validateFooterSectionItems" finished-at="2026-05-18T15:08:39 IST" duration-ms="7947" status="PASS">
          <reporter-output>
          </reporter-output>
        </test-method> <!-- validateFooterSectionItems -->
        <test-method is-config="true" signature="tearDown()[pri:0, instance:com.qa.TestCases.HomeTest@74e52ef6]" started-at="2026-05-18T15:08:39 IST" name="tearDown" finished-at="2026-05-18T15:08:40 IST" duration-ms="318" status="PASS">
          <reporter-output>
          </reporter-output>
        </test-method> <!-- tearDown -->
        <test-method is-config="true" signature="initialization(java.lang.String)[pri:0, instance:com.qa.TestCases.HomeTest@74e52ef6]" started-at="2026-05-18T15:08:40 IST" name="initialization" finished-at="2026-05-18T15:08:46 IST" duration-ms="6765" status="PASS">
          <params>
            <param index="0">
              <value>
                <![CDATA[chrome]]>
              </value>
            </param>
          </params>
          <reporter-output>
          </reporter-output>
        </test-method> <!-- initialization -->
        <test-method signature="validateHeaderMenuTest()[pri:0, instance:com.qa.TestCases.HomeTest@74e52ef6]" started-at="2026-05-18T15:08:46 IST" name="validateHeaderMenuTest" finished-at="2026-05-18T15:08:50 IST" duration-ms="3558" status="PASS">
          <reporter-output>
          </reporter-output>
        </test-method> <!-- validateHeaderMenuTest -->
        <test-method is-config="true" signature="tearDown()[pri:0, instance:com.qa.TestCases.HomeTest@74e52ef6]" started-at="2026-05-18T15:08:50 IST" name="tearDown" finished-at="2026-05-18T15:08:50 IST" duration-ms="362" status="PASS">
          <reporter-output>
          </reporter-output>
        </test-method> <!-- tearDown -->
        <test-method is-config="true" signature="initialization(java.lang.String)[pri:0, instance:com.qa.TestCases.HomeTest@74e52ef6]" started-at="2026-05-18T15:08:50 IST" name="initialization" finished-at="2026-05-18T15:08:55 IST" duration-ms="4923" status="PASS">
          <params>
            <param index="0">
              <value>
                <![CDATA[chrome]]>
              </value>
            </param>
          </params>
          <reporter-output>
          </reporter-output>
        </test-method> <!-- initialization -->
        <test-method signature="validateLogoTest()[pri:0, instance:com.qa.TestCases.HomeTest@74e52ef6]" started-at="2026-05-18T15:08:55 IST" name="validateLogoTest" finished-at="2026-05-18T15:08:59 IST" duration-ms="3430" status="PASS">
          <reporter-output>
          </reporter-output>
        </test-method> <!-- validateLogoTest -->
        <test-method is-config="true" signature="tearDown()[pri:0, instance:com.qa.TestCases.HomeTest@74e52ef6]" started-at="2026-05-18T15:08:59 IST" name="tearDown" finished-at="2026-05-18T15:08:59 IST" duration-ms="246" status="PASS">
          <reporter-output>
          </reporter-output>
        </test-method> <!-- tearDown -->
        <test-method is-config="true" signature="initialization(java.lang.String)[pri:0, instance:com.qa.TestCases.HomeTest@74e52ef6]" started-at="2026-05-18T15:08:59 IST" name="initialization" finished-at="2026-05-18T15:09:04 IST" duration-ms="4948" status="PASS">
          <params>
            <param index="0">
              <value>
                <![CDATA[chrome]]>
              </value>
            </param>
          </params>
          <reporter-output>
          </reporter-output>
        </test-method> <!-- initialization -->
        <test-method signature="validateMenuListTest()[pri:0, instance:com.qa.TestCases.HomeTest@74e52ef6]" started-at="2026-05-18T15:09:04 IST" name="validateMenuListTest" finished-at="2026-05-18T15:09:28 IST" duration-ms="23720" status="FAIL">
          <exception class="org.openqa.selenium.TimeoutException">
            <message>
              <![CDATA[Expected condition failed: waiting for visibility of all [] (tried for 20 second(s) with 500 milliseconds interval)
Build info: version: '4.18.1', revision: 'b1d3319b48'
System info: os.name: 'Windows 10', os.arch: 'amd64', os.version: '10.0', java.version: '17.0.12'
Driver info: org.openqa.selenium.chrome.ChromeDriver
Capabilities {acceptInsecureCerts: false, browserName: chrome, browserVersion: 148.0.7778.168, chrome: {chromedriverVersion: 148.0.7778.167 (65db666ac2c..., userDataDir: C:\Users\dell\AppData\Local...}, fedcm:accounts: true, goog:chromeOptions: {debuggerAddress: localhost:63819}, goog:processID: 3444, networkConnectionEnabled: false, pageLoadStrategy: normal, platformName: windows, proxy: Proxy(), se:cdp: ws://localhost:63819/devtoo..., se:cdpVersion: 148.0.7778.168, setWindowRect: true, strictFileInteractability: false, timeouts: {implicit: 0, pageLoad: 300000, script: 30000}, unhandledPromptBehavior: dismiss and notify, webauthn:extension:credBlob: true, webauthn:extension:largeBlob: true, webauthn:extension:minPinLength: true, webauthn:extension:prf: true, webauthn:virtualAuthenticators: true}
Session ID: d8cce40b0f7edae9f45483e1ee91c009]]>
            </message>
            <full-stacktrace>
              <![CDATA[org.openqa.selenium.TimeoutException: Expected condition failed: waiting for visibility of all [] (tried for 20 second(s) with 500 milliseconds interval)
Build info: version: '4.18.1', revision: 'b1d3319b48'
System info: os.name: 'Windows 10', os.arch: 'amd64', os.version: '10.0', java.version: '17.0.12'
Driver info: org.openqa.selenium.chrome.ChromeDriver
Capabilities {acceptInsecureCerts: false, browserName: chrome, browserVersion: 148.0.7778.168, chrome: {chromedriverVersion: 148.0.7778.167 (65db666ac2c..., userDataDir: C:\Users\dell\AppData\Local...}, fedcm:accounts: true, goog:chromeOptions: {debuggerAddress: localhost:63819}, goog:processID: 3444, networkConnectionEnabled: false, pageLoadStrategy: normal, platformName: windows, proxy: Proxy(), se:cdp: ws://localhost:63819/devtoo..., se:cdpVersion: 148.0.7778.168, setWindowRect: true, strictFileInteractability: false, timeouts: {implicit: 0, pageLoad: 300000, script: 30000}, unhandledPromptBehavior: dismiss and notify, webauthn:extension:credBlob: true, webauthn:extension:largeBlob: true, webauthn:extension:minPinLength: true, webauthn:extension:prf: true, webauthn:virtualAuthenticators: true}
Session ID: d8cce40b0f7edae9f45483e1ee91c009
at org.openqa.selenium.support.ui.WebDriverWait.timeoutException(WebDriverWait.java:84)
at org.openqa.selenium.support.ui.FluentWait.until(FluentWait.java:228)
at com.qa.pages.HomePage.validateWelcomeMenuList(HomePage.java:122)
at com.qa.TestCases.HomeTest.validateMenuListTest(HomeTest.java:86)
at java.base/jdk.internal.reflect.NativeMethodAccessorImpl.invoke0(Native Method)
at java.base/jdk.internal.reflect.NativeMethodAccessorImpl.invoke(NativeMethodAccessorImpl.java:77)
at java.base/jdk.internal.reflect.DelegatingMethodAccessorImpl.invoke(DelegatingMethodAccessorImpl.java:43)
at java.base/java.lang.reflect.Method.invoke(Method.java:568)
at org.testng.internal.invokers.MethodInvocationHelper.invokeMethod(MethodInvocationHelper.java:141)
at org.testng.internal.invokers.TestInvoker.invokeMethod(TestInvoker.java:687)
at org.testng.internal.invokers.TestInvoker.invokeTestMethod(TestInvoker.java:230)
at org.testng.internal.invokers.MethodRunner.runInSequence(MethodRunner.java:63)
at org.testng.internal.invokers.TestInvoker$MethodInvocationAgent.invoke(TestInvoker.java:995)
at org.testng.internal.invokers.TestInvoker.invokeTestMethods(TestInvoker.java:203)
at org.testng.internal.invokers.TestMethodWorker.invokeTestMethods(TestMethodWorker.java:154)
at org.testng.internal.invokers.TestMethodWorker.run(TestMethodWorker.java:134)
at java.base/java.util.ArrayList.forEach(ArrayList.java:1511)
at org.testng.TestRunner.privateRun(TestRunner.java:741)
at org.testng.TestRunner.run(TestRunner.java:616)
at org.testng.SuiteRunner.runTest(SuiteRunner.java:421)
at org.testng.SuiteRunner.runSequentially(SuiteRunner.java:413)
at org.testng.SuiteRunner.privateRun(SuiteRunner.java:373)
at org.testng.SuiteRunner.run(SuiteRunner.java:312)
at org.testng.SuiteRunnerWorker.runSuite(SuiteRunnerWorker.java:52)
at org.testng.SuiteRunnerWorker.run(SuiteRunnerWorker.java:95)
at org.testng.TestNG.runSuitesSequentially(TestNG.java:1274)
at org.testng.TestNG.runSuitesLocally(TestNG.java:1208)
at org.testng.TestNG.runSuites(TestNG.java:1112)
at org.testng.TestNG.run(TestNG.java:1079)
at org.testng.remote.AbstractRemoteTestNG.run(AbstractRemoteTestNG.java:115)
at org.testng.remote.RemoteTestNG.initAndRun(RemoteTestNG.java:293)
at org.testng.remote.RemoteTestNG.main(RemoteTestNG.java:91)
]]>
            </full-stacktrace>
          </exception> <!-- org.openqa.selenium.TimeoutException -->
          <reporter-output>
          </reporter-output>
        </test-method> <!-- validateMenuListTest -->
        <test-method is-config="true" signature="tearDown()[pri:0, instance:com.qa.TestCases.HomeTest@74e52ef6]" started-at="2026-05-18T15:09:28 IST" name="tearDown" finished-at="2026-05-18T15:09:28 IST" duration-ms="270" status="PASS">
          <reporter-output>
          </reporter-output>
        </test-method> <!-- tearDown -->
        <test-method is-config="true" signature="initialization(java.lang.String)[pri:0, instance:com.qa.TestCases.HomeTest@74e52ef6]" started-at="2026-05-18T15:09:28 IST" name="initialization" finished-at="2026-05-18T15:09:33 IST" duration-ms="5100" status="PASS">
          <params>
            <param index="0">
              <value>
                <![CDATA[chrome]]>
              </value>
            </param>
          </params>
          <reporter-output>
          </reporter-output>
        </test-method> <!-- initialization -->
        <test-method signature="validateSearchBarCatTest()[pri:0, instance:com.qa.TestCases.HomeTest@74e52ef6]" started-at="2026-05-18T15:09:33 IST" name="validateSearchBarCatTest" finished-at="2026-05-18T15:09:38 IST" duration-ms="5065" status="PASS">
          <reporter-output>
          </reporter-output>
        </test-method> <!-- validateSearchBarCatTest -->
        <test-method is-config="true" signature="tearDown()[pri:0, instance:com.qa.TestCases.HomeTest@74e52ef6]" started-at="2026-05-18T15:09:38 IST" name="tearDown" finished-at="2026-05-18T15:09:38 IST" duration-ms="231" status="PASS">
          <reporter-output>
          </reporter-output>
        </test-method> <!-- tearDown -->
        <test-method is-config="true" signature="initialization(java.lang.String)[pri:0, instance:com.qa.TestCases.HomeTest@74e52ef6]" started-at="2026-05-18T15:09:38 IST" name="initialization" finished-at="2026-05-18T15:09:43 IST" duration-ms="4527" status="PASS">
          <params>
            <param index="0">
              <value>
                <![CDATA[chrome]]>
              </value>
            </param>
          </params>
          <reporter-output>
          </reporter-output>
        </test-method> <!-- initialization -->
        <test-method signature="validateSocialMediaIconsTest()[pri:0, instance:com.qa.TestCases.HomeTest@74e52ef6]" started-at="2026-05-18T15:09:43 IST" name="validateSocialMediaIconsTest" finished-at="2026-05-18T15:09:57 IST" duration-ms="14085" status="PASS">
          <reporter-output>
          </reporter-output>
        </test-method> <!-- validateSocialMediaIconsTest -->
        <test-method is-config="true" signature="tearDown()[pri:0, instance:com.qa.TestCases.HomeTest@74e52ef6]" started-at="2026-05-18T15:09:57 IST" name="tearDown" finished-at="2026-05-18T15:09:57 IST" duration-ms="307" status="PASS">
          <reporter-output>
          </reporter-output>
        </test-method> <!-- tearDown -->
        <test-method is-config="true" signature="initialization(java.lang.String)[pri:0, instance:com.qa.TestCases.HomeTest@74e52ef6]" started-at="2026-05-18T15:09:57 IST" name="initialization" finished-at="2026-05-18T15:10:06 IST" duration-ms="8273" status="PASS">
          <params>
            <param index="0">
              <value>
                <![CDATA[chrome]]>
              </value>
            </param>
          </params>
          <reporter-output>
          </reporter-output>
        </test-method> <!-- initialization -->
        <test-method signature="validatefooterLinksTest()[pri:0, instance:com.qa.TestCases.HomeTest@74e52ef6]" started-at="2026-05-18T15:10:06 IST" name="validatefooterLinksTest" finished-at="2026-05-18T15:10:23 IST" duration-ms="16982" status="FAIL">
          <exception class="java.lang.IndexOutOfBoundsException">
            <message>
              <![CDATA[Index 4 out of bounds for length 4]]>
            </message>
            <full-stacktrace>
              <![CDATA[java.lang.IndexOutOfBoundsException: Index 4 out of bounds for length 4
at java.base/jdk.internal.util.Preconditions.outOfBounds(Preconditions.java:64)
at java.base/jdk.internal.util.Preconditions.outOfBoundsCheckIndex(Preconditions.java:70)
at java.base/jdk.internal.util.Preconditions.checkIndex(Preconditions.java:266)
at java.base/java.util.Objects.checkIndex(Objects.java:359)
at java.base/java.util.ArrayList.get(ArrayList.java:427)
at com.qa.pages.HomePage.validateFooterLinks(HomePage.java:321)
at com.qa.TestCases.HomeTest.validatefooterLinksTest(HomeTest.java:196)
at java.base/jdk.internal.reflect.NativeMethodAccessorImpl.invoke0(Native Method)
at java.base/jdk.internal.reflect.NativeMethodAccessorImpl.invoke(NativeMethodAccessorImpl.java:77)
at java.base/jdk.internal.reflect.DelegatingMethodAccessorImpl.invoke(DelegatingMethodAccessorImpl.java:43)
at java.base/java.lang.reflect.Method.invoke(Method.java:568)
at org.testng.internal.invokers.MethodInvocationHelper.invokeMethod(MethodInvocationHelper.java:141)
at org.testng.internal.invokers.TestInvoker.invokeMethod(TestInvoker.java:687)
at org.testng.internal.invokers.TestInvoker.invokeTestMethod(TestInvoker.java:230)
at org.testng.internal.invokers.MethodRunner.runInSequence(MethodRunner.java:63)
at org.testng.internal.invokers.TestInvoker$MethodInvocationAgent.invoke(TestInvoker.java:995)
at org.testng.internal.invokers.TestInvoker.invokeTestMethods(TestInvoker.java:203)
at org.testng.internal.invokers.TestMethodWorker.invokeTestMethods(TestMethodWorker.java:154)
at org.testng.internal.invokers.TestMethodWorker.run(TestMethodWorker.java:134)
at java.base/java.util.ArrayList.forEach(ArrayList.java:1511)
at org.testng.TestRunner.privateRun(TestRunner.java:741)
at org.testng.TestRunner.run(TestRunner.java:616)
at org.testng.SuiteRunner.runTest(SuiteRunner.java:421)
at org.testng.SuiteRunner.runSequentially(SuiteRunner.java:413)
at org.testng.SuiteRunner.privateRun(SuiteRunner.java:373)
at org.testng.SuiteRunner.run(SuiteRunner.java:312)
at org.testng.SuiteRunnerWorker.runSuite(SuiteRunnerWorker.java:52)
at org.testng.SuiteRunnerWorker.run(SuiteRunnerWorker.java:95)
at org.testng.TestNG.runSuitesSequentially(TestNG.java:1274)
at org.testng.TestNG.runSuitesLocally(TestNG.java:1208)
at org.testng.TestNG.runSuites(TestNG.java:1112)
at org.testng.TestNG.run(TestNG.java:1079)
at org.testng.remote.AbstractRemoteTestNG.run(AbstractRemoteTestNG.java:115)
at org.testng.remote.RemoteTestNG.initAndRun(RemoteTestNG.java:293)
at org.testng.remote.RemoteTestNG.main(RemoteTestNG.java:91)
]]>
            </full-stacktrace>
          </exception> <!-- java.lang.IndexOutOfBoundsException -->
          <reporter-output>
          </reporter-output>
        </test-method> <!-- validatefooterLinksTest -->
        <test-method is-config="true" signature="tearDown()[pri:0, instance:com.qa.TestCases.HomeTest@74e52ef6]" started-at="2026-05-18T15:10:23 IST" name="tearDown" finished-at="2026-05-18T15:10:23 IST" duration-ms="287" status="PASS">
          <reporter-output>
          </reporter-output>
        </test-method> <!-- tearDown -->
      </class> <!-- com.qa.TestCases.HomeTest -->
    </test> <!-- ChromeTest -->
  </suite> <!-- Parallel Browser Suite -->
</testng-results>
