<?xml version="1.0" encoding="UTF-8"?>
<!-- Generated by org.testng.reporters.JUnitReportReporter -->
<testsuite hostname="DESKTOP-5HS3DSF" failures="0" tests="3" name="com.qa.TestCases.HomeTest" time="64.257" errors="1" timestamp="2026-05-16T17:26:29 IST" skipped="0">
  <testcase classname="com.qa.TestCases.HomeTest" name="validateHeaderMenuTest" time="10.536"/>
  <testcase classname="com.qa.TestCases.HomeTest" name="validateLogoTest" time="18.518"/>
  <testcase classname="com.qa.TestCases.HomeTest" name="validateMenuListTest" time="35.203">
    <error message="Expected condition failed: waiting for visibility of all [[[ChromeDriver: chrome on windows (cf4de6cd04b406abfe25a60345ea6da3)] -&gt; xpath: //div[@class=&#039;block_2&#039;]//li[@class=&#039;dropdown&#039;]//a], [[ChromeDriver: chrome on windows (cf4de6cd04b406abfe25a60345ea6da3)] -&gt; xpath: //div[@class=&#039;block_2&#039;]//li[@class=&#039;dropdown&#039;]//a], [[ChromeDriver: chrome on windows (cf4de6cd04b406abfe25a60345ea6da3)] -&gt; xpath: //div[@class=&#039;block_2&#039;]//li[@class=&#039;dropdown&#039;]//a], [[ChromeDriver: chrome on windows (cf4de6cd04b406abfe25a60345ea6da3)] -&gt; xpath: //div[@class=&#039;block_2&#039;]//li[@class=&#039;dropdown&#039;]//a], [[ChromeDriver: chrome on windows (cf4de6cd04b406abfe25a60345ea6da3)] -&gt; xpath: //div[@class=&#039;block_2&#039;]//li[@class=&#039;dropdown&#039;]//a], [[ChromeDriver: chrome on windows (cf4de6cd04b406abfe25a60345ea6da3)] -&gt; xpath: //div[@class=&#039;block_2&#039;]//li[@class=&#039;dropdown&#039;]//a], [[ChromeDriver: chrome on windows (cf4de6cd04b406abfe25a60345ea6da3)] -&gt; xpath: //div[@class=&#039;block_2&#039;]//li[@class=&#039;dropdown&#039;]//a], [[ChromeDriver: chrome on windows (cf4de6cd04b406abfe25a60345ea6da3)] -&gt; xpath: //div[@class=&#039;block_2&#039;]//li[@class=&#039;dropdown&#039;]//a], [[ChromeDriver: chrome on windows (cf4de6cd04b406abfe25a60345ea6da3)] -&gt; xpath: //div[@class=&#039;block_2&#039;]//li[@class=&#039;dropdown&#039;]//a], [[ChromeDriver: chrome on windows (cf4de6cd04b406abfe25a60345ea6da3)] -&gt; xpath: //div[@class=&#039;block_2&#039;]//li[@class=&#039;dropdown&#039;]//a], [[ChromeDriver: chrome on windows (cf4de6cd04b406abfe25a60345ea6da3)] -&gt; xpath: //div[@class=&#039;block_2&#039;]//li[@class=&#039;dropdown&#039;]//a]] (tried for 20 second(s) with 500 milliseconds interval)
Build info: version: &#039;4.18.1&#039;, revision: &#039;b1d3319b48&#039;
System info: os.name: &#039;Windows 10&#039;, os.arch: &#039;amd64&#039;, os.version: &#039;10.0&#039;, java.version: &#039;17.0.12&#039;
Driver info: org.openqa.selenium.chrome.ChromeDriver
Capabilities {acceptInsecureCerts: false, browserName: chrome, browserVersion: 148.0.7778.168, chrome: {chromedriverVersion: 148.0.7778.167 (65db666ac2c..., userDataDir: C:\Users\dell\AppData\Local...}, fedcm:accounts: true, goog:chromeOptions: {debuggerAddress: localhost:63948}, goog:processID: 25908, networkConnectionEnabled: false, pageLoadStrategy: normal, platformName: windows, proxy: Proxy(), se:cdp: ws://localhost:63948/devtoo..., se:cdpVersion: 148.0.7778.168, setWindowRect: true, strictFileInteractability: false, timeouts: {implicit: 0, pageLoad: 300000, script: 30000}, unhandledPromptBehavior: dismiss and notify, webauthn:extension:credBlob: true, webauthn:extension:largeBlob: true, webauthn:extension:minPinLength: true, webauthn:extension:prf: true, webauthn:virtualAuthenticators: true}
Session ID: cf4de6cd04b406abfe25a60345ea6da3" type="org.openqa.selenium.TimeoutException">
      <![CDATA[org.openqa.selenium.TimeoutException: Expected condition failed: waiting for visibility of all [[[ChromeDriver: chrome on windows (cf4de6cd04b406abfe25a60345ea6da3)] -> xpath: //div[@class='block_2']//li[@class='dropdown']//a], [[ChromeDriver: chrome on windows (cf4de6cd04b406abfe25a60345ea6da3)] -> xpath: //div[@class='block_2']//li[@class='dropdown']//a], [[ChromeDriver: chrome on windows (cf4de6cd04b406abfe25a60345ea6da3)] -> xpath: //div[@class='block_2']//li[@class='dropdown']//a], [[ChromeDriver: chrome on windows (cf4de6cd04b406abfe25a60345ea6da3)] -> xpath: //div[@class='block_2']//li[@class='dropdown']//a], [[ChromeDriver: chrome on windows (cf4de6cd04b406abfe25a60345ea6da3)] -> xpath: //div[@class='block_2']//li[@class='dropdown']//a], [[ChromeDriver: chrome on windows (cf4de6cd04b406abfe25a60345ea6da3)] -> xpath: //div[@class='block_2']//li[@class='dropdown']//a], [[ChromeDriver: chrome on windows (cf4de6cd04b406abfe25a60345ea6da3)] -> xpath: //div[@class='block_2']//li[@class='dropdown']//a], [[ChromeDriver: chrome on windows (cf4de6cd04b406abfe25a60345ea6da3)] -> xpath: //div[@class='block_2']//li[@class='dropdown']//a], [[ChromeDriver: chrome on windows (cf4de6cd04b406abfe25a60345ea6da3)] -> xpath: //div[@class='block_2']//li[@class='dropdown']//a], [[ChromeDriver: chrome on windows (cf4de6cd04b406abfe25a60345ea6da3)] -> xpath: //div[@class='block_2']//li[@class='dropdown']//a], [[ChromeDriver: chrome on windows (cf4de6cd04b406abfe25a60345ea6da3)] -> xpath: //div[@class='block_2']//li[@class='dropdown']//a]] (tried for 20 second(s) with 500 milliseconds interval)
Build info: version: '4.18.1', revision: 'b1d3319b48'
System info: os.name: 'Windows 10', os.arch: 'amd64', os.version: '10.0', java.version: '17.0.12'
Driver info: org.openqa.selenium.chrome.ChromeDriver
Capabilities {acceptInsecureCerts: false, browserName: chrome, browserVersion: 148.0.7778.168, chrome: {chromedriverVersion: 148.0.7778.167 (65db666ac2c..., userDataDir: C:\Users\dell\AppData\Local...}, fedcm:accounts: true, goog:chromeOptions: {debuggerAddress: localhost:63948}, goog:processID: 25908, networkConnectionEnabled: false, pageLoadStrategy: normal, platformName: windows, proxy: Proxy(), se:cdp: ws://localhost:63948/devtoo..., se:cdpVersion: 148.0.7778.168, setWindowRect: true, strictFileInteractability: false, timeouts: {implicit: 0, pageLoad: 300000, script: 30000}, unhandledPromptBehavior: dismiss and notify, webauthn:extension:credBlob: true, webauthn:extension:largeBlob: true, webauthn:extension:minPinLength: true, webauthn:extension:prf: true, webauthn:virtualAuthenticators: true}
Session ID: cf4de6cd04b406abfe25a60345ea6da3
at org.openqa.selenium.support.ui.WebDriverWait.timeoutException(WebDriverWait.java:84)
at org.openqa.selenium.support.ui.FluentWait.until(FluentWait.java:228)
at com.qa.pages.HomePage.validateWelcomeMenuList(HomePage.java:122)
at com.qa.TestCases.HomeTest.validateMenuListTest(HomeTest.java:86)
at java.base/jdk.internal.reflect.NativeMethodAccessorImpl.invoke0(Native Method)
at java.base/jdk.internal.reflect.NativeMethodAccessorImpl.invoke(NativeMethodAccessorImpl.java:77)
at java.base/jdk.internal.reflect.DelegatingMethodAccessorImpl.invoke(DelegatingMethodAccessorImpl.java:43)
at java.base/java.lang.reflect.Method.invoke(Method.java:568)
at org.testng.internal.invokers.MethodInvocationHelper.invokeMethod(MethodInvocationHelper.java:141)
at org.testng.internal.invokers.TestInvoker.invokeMethod(TestInvoker.java:687)
at org.testng.internal.invokers.TestInvoker.invokeTestMethod(TestInvoker.java:230)
at org.testng.internal.invokers.MethodRunner.runInSequence(MethodRunner.java:63)
at org.testng.internal.invokers.TestInvoker$MethodInvocationAgent.invoke(TestInvoker.java:995)
at org.testng.internal.invokers.TestInvoker.invokeTestMethods(TestInvoker.java:203)
at org.testng.internal.invokers.TestMethodWorker.invokeTestMethods(TestMethodWorker.java:154)
at org.testng.internal.invokers.TestMethodWorker.run(TestMethodWorker.java:134)
at java.base/java.util.ArrayList.forEach(ArrayList.java:1511)
at org.testng.TestRunner.privateRun(TestRunner.java:741)
at org.testng.TestRunner.run(TestRunner.java:616)
at org.testng.SuiteRunner.runTest(SuiteRunner.java:421)
at org.testng.SuiteRunner.runSequentially(SuiteRunner.java:413)
at org.testng.SuiteRunner.privateRun(SuiteRunner.java:373)
at org.testng.SuiteRunner.run(SuiteRunner.java:312)
at org.testng.SuiteRunnerWorker.runSuite(SuiteRunnerWorker.java:52)
at org.testng.SuiteRunnerWorker.run(SuiteRunnerWorker.java:95)
at org.testng.TestNG.runSuitesSequentially(TestNG.java:1274)
at org.testng.TestNG.runSuitesLocally(TestNG.java:1208)
at org.testng.TestNG.runSuites(TestNG.java:1112)
at org.testng.TestNG.run(TestNG.java:1079)
at org.testng.remote.AbstractRemoteTestNG.run(AbstractRemoteTestNG.java:115)
at org.testng.remote.RemoteTestNG.initAndRun(RemoteTestNG.java:293)
at org.testng.remote.RemoteTestNG.main(RemoteTestNG.java:91)
]]>
    </error>
  </testcase> <!-- validateMenuListTest -->
</testsuite> <!-- com.qa.TestCases.HomeTest -->
