<?xml version="1.0" encoding="UTF-8"?>
<!-- Generated by org.testng.reporters.JUnitReportReporter -->
<testsuite hostname="DESKTOP-5HS3DSF" failures="0" tests="4" name="com.qa.TestCases.AccountTest" time="56.623" errors="0" timestamp="2026-05-18T15:11:21 IST" skipped="0">
  <testcase classname="com.qa.TestCases.AccountTest" name="validateAccountDetailsTest" time="10.703"/>
  <testcase classname="com.qa.TestCases.AccountTest" name="validateAccountFieldValues" time="9.849"/>
  <testcase classname="com.qa.TestCases.AccountTest" name="validateAccountNameTest" time="26.033"/>
  <testcase classname="com.qa.TestCases.AccountTest" name="validateTitleTest" time="10.038"/>
</testsuite> <!-- com.qa.TestCases.AccountTest -->
